<?xml version="1.0" encoding="UTF-8"?>
<!-- Generated by org.testng.reporters.JUnitReportReporter -->
<testsuite hostname="DESKTOP-18BP1P8" failures="0" tests="1" name="Sample.Percy_Sample_Project.App" time="21.537" errors="0" timestamp="2022-11-14T12:01:27 IST" skipped="0">
  <testcase classname="Sample.Percy_Sample_Project.App" name="test" time="21.537"/>
  <system-out/>
</testsuite> <!-- Sample.Percy_Sample_Project.App -->
